app/build/intermediates/manifest_merge_blame_file/debug/manifest-merger-blame-debug-report.txt
1<?xml version="1.0" encoding="utf-8"?>
2<manifest xmlns:android="http://schemas.android.com/apk/res/android"
3    package="com.lakj.comspace.simpletextclient"
4    android:versionCode="1"
5    android:versionName="1.0" >
6
7    <uses-sdk
7-->src\main\AndroidManifest.xml:7:5-9:41
8        android:minSdkVersion="19"
8-->src\main\AndroidManifest.xml:8:9-35
9        android:targetSdkVersion="23" />
9-->src\main\AndroidManifest.xml:9:9-38
10
11    <uses-permission android:name="android.permission.INTERNET" />
11-->src\main\AndroidManifest.xml:11:5-67
11-->src\main\AndroidManifest.xml:11:22-64
12    <uses-permission android:name="android.permission.WRITE_EXTERNAL_STORAGE" />
13    <uses-permission android:name="android.permission.READ_PHONE_STATE" />
14    <uses-permission android:name="android.permission.READ_EXTERNAL_STORAGE" />
15
16    <application
16-->src\main\AndroidManifest.xml:17:5-54:19
17        android:allowBackup="true"
17-->src\main\AndroidManifest.xml:18:9-35
18        android:debuggable="true"
19        android:icon="@drawable/applogo"
19-->src\main\AndroidManifest.xml:19:9-41
20        android:label="@string/app_name"
20-->src\main\AndroidManifest.xml:20:9-41
21        android:testOnly="true"
22        android:theme="@android:style/Theme.NoTitleBar" >
22-->src\main\AndroidManifest.xml:21:9-56
23        <activity
23-->src\main\AndroidManifest.xml:22:9-25:20
24            android:name="com.lakj.comspace.simpletextclient.SlimpleTextClientActivity"
24-->src\main\AndroidManifest.xml:23:13-54
25            android:label="@string/app_name" >
25-->src\main\AndroidManifest.xml:24:13-45
26        </activity>
27        <activity
27-->src\main\AndroidManifest.xml:26:9-34:20
28            android:name="com.lakj.comspace.simpletextclient.VirtualWaitress"
28-->src\main\AndroidManifest.xml:27:13-44
29            android:label="@string/title_activity_virtual_waitress" >
29-->src\main\AndroidManifest.xml:28:13-68
30            <intent-filter>
30-->src\main\AndroidManifest.xml:29:13-33:29
31                <action android:name="android.intent.action.MAIN" />
31-->src\main\AndroidManifest.xml:30:17-69
31-->src\main\AndroidManifest.xml:30:25-66
32
33                <category android:name="android.intent.category.LAUNCHER" />
33-->src\main\AndroidManifest.xml:32:17-77
33-->src\main\AndroidManifest.xml:32:27-74
34            </intent-filter>
35        </activity>
36        <activity android:name="com.lakj.comspace.simpletextclient.Order_Type" >
36-->src\main\AndroidManifest.xml:35:9-36:20
36-->src\main\AndroidManifest.xml:35:19-45
37        </activity>
38        <activity android:name="com.lakj.comspace.simpletextclient.Starters" >
38-->src\main\AndroidManifest.xml:37:9-38:20
38-->src\main\AndroidManifest.xml:37:19-43
39        </activity>
40        <activity android:name="com.lakj.comspace.simpletextclient.Veg" >
40-->src\main\AndroidManifest.xml:39:9-40:20
40-->src\main\AndroidManifest.xml:39:19-38
41        </activity>
42        <activity android:name="com.lakj.comspace.simpletextclient.N_Veg" >
42-->src\main\AndroidManifest.xml:41:9-42:20
42-->src\main\AndroidManifest.xml:41:19-40
43        </activity>
44        <activity android:name="com.lakj.comspace.simpletextclient.Dessert" >
44-->src\main\AndroidManifest.xml:43:9-44:20
44-->src\main\AndroidManifest.xml:43:19-42
45        </activity>
46        <activity
46-->src\main\AndroidManifest.xml:46:9-49:20
47            android:name="com.lakj.comspace.simpletextclient.finalize_order"
47-->src\main\AndroidManifest.xml:47:13-43
48            android:label="@string/title_activity_finalize_order" >
48-->src\main\AndroidManifest.xml:48:13-66
49        </activity>
50        <activity
50-->src\main\AndroidManifest.xml:50:9-53:20
51            android:name="com.lakj.comspace.simpletextclient.thankyou"
51-->src\main\AndroidManifest.xml:51:13-37
52            android:label="@string/title_activity_thankyou" >
52-->src\main\AndroidManifest.xml:52:13-60
53        </activity>
54    </application>
55
56</manifest>